have_library: checking for main() in -lidn... -------------------- yes

"gcc -o conftest -I/home/k41n/.rvm/rubies/ruby-1.9.3-p327/include/ruby-1.9.1/x86_64-linux -I/home/k41n/.rvm/rubies/ruby-1.9.3-p327/include/ruby-1.9.1/ruby/backward -I/home/k41n/.rvm/rubies/ruby-1.9.3-p327/include/ruby-1.9.1 -I.    -I/home/k41n/.rvm/usr/include  -O3 -ggdb -Wall -Wextra -Wno-unused-parameter -Wno-parentheses -Wno-long-long -Wno-missing-field-initializers -Wpointer-arith -Wwrite-strings -Wdeclaration-after-statement -Wimplicit-function-declaration  -fPIC conftest.c  -L. -L/home/k41n/.rvm/rubies/ruby-1.9.3-p327/lib -Wl,-R/home/k41n/.rvm/rubies/ruby-1.9.3-p327/lib -L/home/k41n/.rvm/usr/lib -Wl,-R/home/k41n/.rvm/usr/lib -L.  -rdynamic -Wl,-export-dynamic -L/home/k41n/.rvm/usr/lib  -Wl,-R/home/k41n/.rvm/usr/lib      -Wl,-R -Wl,/home/k41n/.rvm/rubies/ruby-1.9.3-p327/lib -L/home/k41n/.rvm/rubies/ruby-1.9.3-p327/lib -lruby  -lpthread -lrt -ldl -lcrypt -lm   -lc"
checked program was:
/* begin */
1: #include "ruby.h"
2: 
3: int main() {return 0;}
/* end */

"gcc -o conftest -I/home/k41n/.rvm/rubies/ruby-1.9.3-p327/include/ruby-1.9.1/x86_64-linux -I/home/k41n/.rvm/rubies/ruby-1.9.3-p327/include/ruby-1.9.1/ruby/backward -I/home/k41n/.rvm/rubies/ruby-1.9.3-p327/include/ruby-1.9.1 -I.    -I/home/k41n/.rvm/usr/include  -O3 -ggdb -Wall -Wextra -Wno-unused-parameter -Wno-parentheses -Wno-long-long -Wno-missing-field-initializers -Wpointer-arith -Wwrite-strings -Wdeclaration-after-statement -Wimplicit-function-declaration  -fPIC conftest.c  -L. -L/home/k41n/.rvm/rubies/ruby-1.9.3-p327/lib -Wl,-R/home/k41n/.rvm/rubies/ruby-1.9.3-p327/lib -L/home/k41n/.rvm/usr/lib -Wl,-R/home/k41n/.rvm/usr/lib -L.  -rdynamic -Wl,-export-dynamic -L/home/k41n/.rvm/usr/lib  -Wl,-R/home/k41n/.rvm/usr/lib      -Wl,-R -Wl,/home/k41n/.rvm/rubies/ruby-1.9.3-p327/lib -L/home/k41n/.rvm/rubies/ruby-1.9.3-p327/lib -lruby -lidn  -lpthread -lrt -ldl -lcrypt -lm   -lc"
conftest.c: В функции «t»:
conftest.c:5:28: предупреждение: variable «p» set but not used [-Wunused-but-set-variable]
checked program was:
/* begin */
1: #include "ruby.h"
2: 
3: /*top*/
4: int main() {return 0;}
5: int t() { void ((*volatile p)()); p = (void ((*)()))main; return 0; }
/* end */

--------------------

have_header: checking for idna.h... -------------------- yes

"gcc -E -I/home/k41n/.rvm/rubies/ruby-1.9.3-p327/include/ruby-1.9.1/x86_64-linux -I/home/k41n/.rvm/rubies/ruby-1.9.3-p327/include/ruby-1.9.1/ruby/backward -I/home/k41n/.rvm/rubies/ruby-1.9.3-p327/include/ruby-1.9.1 -I.    -I/home/k41n/.rvm/usr/include  -O3 -ggdb -Wall -Wextra -Wno-unused-parameter -Wno-parentheses -Wno-long-long -Wno-missing-field-initializers -Wpointer-arith -Wwrite-strings -Wdeclaration-after-statement -Wimplicit-function-declaration  -fPIC  conftest.c -o conftest.i"
checked program was:
/* begin */
1: #include "ruby.h"
2: 
3: #include <idna.h>
/* end */

--------------------

have_header: checking for punycode.h... -------------------- yes

"gcc -E -I/home/k41n/.rvm/rubies/ruby-1.9.3-p327/include/ruby-1.9.1/x86_64-linux -I/home/k41n/.rvm/rubies/ruby-1.9.3-p327/include/ruby-1.9.1/ruby/backward -I/home/k41n/.rvm/rubies/ruby-1.9.3-p327/include/ruby-1.9.1 -I.    -I/home/k41n/.rvm/usr/include  -O3 -ggdb -Wall -Wextra -Wno-unused-parameter -Wno-parentheses -Wno-long-long -Wno-missing-field-initializers -Wpointer-arith -Wwrite-strings -Wdeclaration-after-statement -Wimplicit-function-declaration  -fPIC  conftest.c -o conftest.i"
checked program was:
/* begin */
1: #include "ruby.h"
2: 
3: #include <punycode.h>
/* end */

--------------------

have_header: checking for stringprep.h... -------------------- yes

"gcc -E -I/home/k41n/.rvm/rubies/ruby-1.9.3-p327/include/ruby-1.9.1/x86_64-linux -I/home/k41n/.rvm/rubies/ruby-1.9.3-p327/include/ruby-1.9.1/ruby/backward -I/home/k41n/.rvm/rubies/ruby-1.9.3-p327/include/ruby-1.9.1 -I.    -I/home/k41n/.rvm/usr/include  -O3 -ggdb -Wall -Wextra -Wno-unused-parameter -Wno-parentheses -Wno-long-long -Wno-missing-field-initializers -Wpointer-arith -Wwrite-strings -Wdeclaration-after-statement -Wimplicit-function-declaration  -fPIC  conftest.c -o conftest.i"
checked program was:
/* begin */
1: #include "ruby.h"
2: 
3: #include <stringprep.h>
/* end */

--------------------

